{
  "stats": {
    "suites": 3,
    "tests": 10,
    "passes": 10,
    "pending": 0,
    "failures": 0,
    "start": "2023-08-08T02:18:43.439Z",
    "end": "2023-08-08T02:21:04.404Z",
    "duration": 140965,
    "testsRegistered": 10,
    "passPercent": 100,
    "pendingPercent": 0,
    "other": 0,
    "hasOther": false,
    "skipped": 0,
    "hasSkipped": false
  },
  "results": [
    {
      "uuid": "2f9feed1-b771-49ac-92df-b1f068576d2f",
      "title": "",
      "fullFile": "",
      "file": "",
      "beforeHooks": [],
      "afterHooks": [],
      "tests": [],
      "suites": [
        {
          "uuid": "c3d340ad-d250-4b2b-a104-d6273e38c9d0",
          "title": "Delete user",
          "fullFile": "C:\\Users\\user\\Desktop\\codeceptjs\\yoda_codeceptjs\\tests\\delUser_tests.js",
          "file": "\\tests\\delUser_tests.js",
          "beforeHooks": [
            {
              "title": "\"before all\" hook: codeceptjs.beforeSuite in \"Delete user\"",
              "fullTitle": "Delete user \"before all\" hook: codeceptjs.beforeSuite in \"Delete user\"",
              "timedOut": false,
              "duration": 1,
              "state": null,
              "speed": null,
              "pass": false,
              "fail": false,
              "pending": false,
              "context": null,
              "code": "scenario.suiteSetup(suite)",
              "err": {},
              "uuid": "8c784773-7aae-44d3-8ea0-c7e314d73633",
              "parentUUID": "c3d340ad-d250-4b2b-a104-d6273e38c9d0",
              "isHook": true,
              "skipped": false
            },
            {
              "title": "\"before each\" hook: codeceptjs.before in \"Delete user\"",
              "fullTitle": "Delete user \"before each\" hook: codeceptjs.before in \"Delete user\"",
              "timedOut": false,
              "duration": 3198,
              "state": null,
              "speed": null,
              "pass": false,
              "fail": false,
              "pending": false,
              "context": null,
              "code": "scenario.setup(suite)",
              "err": {},
              "uuid": "d163d01e-2db6-4425-aced-d018406b5847",
              "parentUUID": "c3d340ad-d250-4b2b-a104-d6273e38c9d0",
              "isHook": true,
              "skipped": false
            }
          ],
          "afterHooks": [
            {
              "title": "\"after all\" hook: codeceptjs.afterSuite in \"Delete user\"",
              "fullTitle": "Delete user \"after all\" hook: codeceptjs.afterSuite in \"Delete user\"",
              "timedOut": false,
              "duration": 0,
              "state": null,
              "speed": null,
              "pass": false,
              "fail": false,
              "pending": false,
              "context": null,
              "code": "scenario.suiteTeardown(suite)",
              "err": {},
              "uuid": "5f6c58fa-9dfd-4c44-8e09-9323a037eecf",
              "parentUUID": "c3d340ad-d250-4b2b-a104-d6273e38c9d0",
              "isHook": true,
              "skipped": false
            },
            {
              "title": "\"after each\" hook: finalize codeceptjs in \"Delete user\"",
              "fullTitle": "Delete user \"after each\" hook: finalize codeceptjs in \"Delete user\"",
              "timedOut": false,
              "duration": 574,
              "state": null,
              "speed": null,
              "pass": false,
              "fail": false,
              "pending": false,
              "context": null,
              "code": "scenario.teardown(suite)",
              "err": {},
              "uuid": "19f6f022-f069-4031-a21a-30acdafd3fe5",
              "parentUUID": "c3d340ad-d250-4b2b-a104-d6273e38c9d0",
              "isHook": true,
              "skipped": false
            }
          ],
          "tests": [
            {
              "title": "Delete user",
              "fullTitle": "Delete user: Delete user",
              "timedOut": false,
              "duration": 3183,
              "state": "passed",
              "speed": "slow",
              "pass": true,
              "fail": false,
              "pending": false,
              "context": null,
              "code": "I }) => {\n  I.amOnPage('/new')\n  createUser.fillName('Han Solo')\n  createUser.fillEmail('han.solo@starwars.com')\n  createUser.choiceOrder()\n  createUser.birthDate()\n  createUser.fillInstagram('@hansolo')\n  createUser.checkbox()\n  createUser.clickSubmit()\n  homePage.openSite()\n  I.seeElement({xpath: \"//table[contains(@class,'table')]\"})\n  I.click({css: \"button.is-danger\"})\n  I.saveScreenshot(\"../mochawesome-report/evidences/Delete.png\")",
              "err": {},
              "uuid": "9710052a-ce96-4c25-aecb-a23a8961f10c",
              "parentUUID": "c3d340ad-d250-4b2b-a104-d6273e38c9d0",
              "isHook": false,
              "skipped": false
            }
          ],
          "suites": [],
          "passes": [
            "9710052a-ce96-4c25-aecb-a23a8961f10c"
          ],
          "failures": [],
          "pending": [],
          "skipped": [],
          "duration": 3183,
          "root": false,
          "rootEmpty": false,
          "_timeout": 0
        },
        {
          "uuid": "a2657a50-f37f-4b65-9bdf-be245ffc5af8",
          "title": "Homepage",
          "fullFile": "C:\\Users\\user\\Desktop\\codeceptjs\\yoda_codeceptjs\\tests\\home_tests.js",
          "file": "\\tests\\home_tests.js",
          "beforeHooks": [
            {
              "title": "\"before all\" hook: codeceptjs.beforeSuite in \"Homepage\"",
              "fullTitle": "Homepage \"before all\" hook: codeceptjs.beforeSuite in \"Homepage\"",
              "timedOut": false,
              "duration": 0,
              "state": null,
              "speed": null,
              "pass": false,
              "fail": false,
              "pending": false,
              "context": null,
              "code": "scenario.suiteSetup(suite)",
              "err": {},
              "uuid": "6f80f97f-1d3d-4634-9af7-17e999d515b1",
              "parentUUID": "a2657a50-f37f-4b65-9bdf-be245ffc5af8",
              "isHook": true,
              "skipped": false
            },
            {
              "title": "\"before each\" hook: codeceptjs.before in \"Homepage\"",
              "fullTitle": "Homepage \"before each\" hook: codeceptjs.before in \"Homepage\"",
              "timedOut": false,
              "duration": 11236,
              "state": null,
              "speed": null,
              "pass": false,
              "fail": false,
              "pending": false,
              "context": null,
              "code": "scenario.setup(suite)",
              "err": {},
              "uuid": "7518aa95-cb60-42fd-95e7-4bdecb95f22d",
              "parentUUID": "a2657a50-f37f-4b65-9bdf-be245ffc5af8",
              "isHook": true,
              "skipped": false
            },
            {
              "title": "\"before each\" hook: Before in \"Homepage\"",
              "fullTitle": "Homepage \"before each\" hook: Before in \"Homepage\"",
              "timedOut": false,
              "duration": 1169,
              "state": null,
              "speed": null,
              "pass": false,
              "fail": false,
              "pending": false,
              "context": null,
              "code": "homePage.openSite()",
              "err": {},
              "uuid": "4eadef8c-3779-4c47-80c0-c19799e23779",
              "parentUUID": "a2657a50-f37f-4b65-9bdf-be245ffc5af8",
              "isHook": true,
              "skipped": false
            }
          ],
          "afterHooks": [
            {
              "title": "\"after all\" hook: codeceptjs.afterSuite in \"Homepage\"",
              "fullTitle": "Homepage \"after all\" hook: codeceptjs.afterSuite in \"Homepage\"",
              "timedOut": false,
              "duration": 0,
              "state": null,
              "speed": null,
              "pass": false,
              "fail": false,
              "pending": false,
              "context": null,
              "code": "scenario.suiteTeardown(suite)",
              "err": {},
              "uuid": "21e14067-2382-46c1-8e09-102939dc3359",
              "parentUUID": "a2657a50-f37f-4b65-9bdf-be245ffc5af8",
              "isHook": true,
              "skipped": false
            },
            {
              "title": "\"after each\" hook: finalize codeceptjs in \"Homepage\"",
              "fullTitle": "Homepage \"after each\" hook: finalize codeceptjs in \"Homepage\"",
              "timedOut": false,
              "duration": 589,
              "state": null,
              "speed": null,
              "pass": false,
              "fail": false,
              "pending": false,
              "context": null,
              "code": "scenario.teardown(suite)",
              "err": {},
              "uuid": "b3a6d706-dd84-4761-9b6a-ef930e793824",
              "parentUUID": "a2657a50-f37f-4b65-9bdf-be245ffc5af8",
              "isHook": true,
              "skipped": false
            }
          ],
          "tests": [
            {
              "title": "Access Web Page",
              "fullTitle": "Homepage: Access Web Page",
              "timedOut": false,
              "duration": 538,
              "state": "passed",
              "speed": "slow",
              "pass": true,
              "fail": false,
              "pending": false,
              "context": null,
              "code": "I }) => { \n  homePage.seeTitlte()\n  I.waitForElement(\"img[alt='Yodapp']\")\n  I.seeElement({css: 'a#welcome'})\n  I.seeElement({css: 'a.is-success'})\n  I.seeElement({css: 'div.hero-body'})\n  I.saveScreenshot(\"../mochawesome-report/evidences/Home.png\")",
              "err": {},
              "uuid": "9af1a8e7-0a23-40c7-b48f-3547bf3d7015",
              "parentUUID": "a2657a50-f37f-4b65-9bdf-be245ffc5af8",
              "isHook": false,
              "skipped": false
            }
          ],
          "suites": [],
          "passes": [
            "9af1a8e7-0a23-40c7-b48f-3547bf3d7015"
          ],
          "failures": [],
          "pending": [],
          "skipped": [],
          "duration": 538,
          "root": false,
          "rootEmpty": false,
          "_timeout": 0
        },
        {
          "uuid": "35a35665-0007-4edf-9258-40179166e081",
          "title": "Create user",
          "fullFile": "C:\\Users\\user\\Desktop\\codeceptjs\\yoda_codeceptjs\\tests\\user_tests.js",
          "file": "\\tests\\user_tests.js",
          "beforeHooks": [
            {
              "title": "\"before all\" hook: codeceptjs.beforeSuite in \"Create user\"",
              "fullTitle": "Create user \"before all\" hook: codeceptjs.beforeSuite in \"Create user\"",
              "timedOut": false,
              "duration": 0,
              "state": null,
              "speed": null,
              "pass": false,
              "fail": false,
              "pending": false,
              "context": null,
              "code": "scenario.suiteSetup(suite)",
              "err": {},
              "uuid": "320d5dfc-d698-4134-a41b-723d107c8243",
              "parentUUID": "35a35665-0007-4edf-9258-40179166e081",
              "isHook": true,
              "skipped": false
            },
            {
              "title": "\"before each\" hook: codeceptjs.before in \"Create user\"",
              "fullTitle": "Create user \"before each\" hook: codeceptjs.before in \"Create user\"",
              "timedOut": false,
              "duration": 12341,
              "state": null,
              "speed": null,
              "pass": false,
              "fail": false,
              "pending": false,
              "context": null,
              "code": "scenario.setup(suite)",
              "err": {},
              "uuid": "c34f3fb9-52c1-4f5a-91fc-904c929ca5bc",
              "parentUUID": "35a35665-0007-4edf-9258-40179166e081",
              "isHook": true,
              "skipped": false
            },
            {
              "title": "\"before each\" hook: Before in \"Create user\"",
              "fullTitle": "Create user \"before each\" hook: Before in \"Create user\"",
              "timedOut": false,
              "duration": 887,
              "state": null,
              "speed": null,
              "pass": false,
              "fail": false,
              "pending": false,
              "context": null,
              "code": "I }) => {\n  I.amOnPage('/new')",
              "err": {},
              "uuid": "eb70a290-74ab-4877-99c9-785f682d432d",
              "parentUUID": "35a35665-0007-4edf-9258-40179166e081",
              "isHook": true,
              "skipped": false
            }
          ],
          "afterHooks": [
            {
              "title": "\"after all\" hook: codeceptjs.afterSuite in \"Create user\"",
              "fullTitle": "Create user \"after all\" hook: codeceptjs.afterSuite in \"Create user\"",
              "timedOut": false,
              "duration": 0,
              "state": null,
              "speed": null,
              "pass": false,
              "fail": false,
              "pending": false,
              "context": null,
              "code": "scenario.suiteTeardown(suite)",
              "err": {},
              "uuid": "e9b2c0bd-08e0-4fd8-81d3-d4eae5693253",
              "parentUUID": "35a35665-0007-4edf-9258-40179166e081",
              "isHook": true,
              "skipped": false
            },
            {
              "title": "\"after each\" hook: finalize codeceptjs in \"Create user\"",
              "fullTitle": "Create user \"after each\" hook: finalize codeceptjs in \"Create user\"",
              "timedOut": false,
              "duration": 578,
              "state": null,
              "speed": null,
              "pass": false,
              "fail": false,
              "pending": false,
              "context": null,
              "code": "scenario.teardown(suite)",
              "err": {},
              "uuid": "0e5f427c-f94b-4d18-89aa-185ede775ff8",
              "parentUUID": "35a35665-0007-4edf-9258-40179166e081",
              "isHook": true,
              "skipped": false
            }
          ],
          "tests": [
            {
              "title": "Create a new user",
              "fullTitle": "Create user: Create a new user",
              "timedOut": false,
              "duration": 2788,
              "state": "passed",
              "speed": "slow",
              "pass": true,
              "fail": false,
              "pending": false,
              "context": null,
              "code": "I }) => {\n  I.see('Cadastrar novo usuário', '.card-header-title')\n  createUser.fillName('Han Solo')\n  createUser.fillEmail('han.solo@starwars.com')\n  createUser.choiceOrder()\n  createUser.birthDate()\n  createUser.fillInstagram('@hansolo')\n  createUser.checkbox()\n  createUser.clickSubmit()\n  homePage.openSite()\n  I.seeElement({xpath: \"//table[contains(@class,'table')]\"})\n  I.saveScreenshot(\"../mochawesome-report/evidences/Create.png\")",
              "err": {},
              "uuid": "02b57f5e-71a5-407f-b41f-2b83a1ec0ab1",
              "parentUUID": "35a35665-0007-4edf-9258-40179166e081",
              "isHook": false,
              "skipped": false
            },
            {
              "title": "Don't submit register without fill fields",
              "fullTitle": "Create user: Don't submit register without fill fields",
              "timedOut": false,
              "duration": 540,
              "state": "passed",
              "speed": "slow",
              "pass": true,
              "fail": false,
              "pending": false,
              "context": null,
              "code": "I }) => {\n  createUser.clickSubmit()\n  createUser.withoutFillFields()\n  I.saveScreenshot(\"../mochawesome-report/evidences/DontSubimit.png\")",
              "err": {},
              "uuid": "401e3312-d45e-4eee-9cf5-208b35c6d8ef",
              "parentUUID": "35a35665-0007-4edf-9258-40179166e081",
              "isHook": false,
              "skipped": false
            },
            {
              "title": "Don't submit without fill name",
              "fullTitle": "Create user: Don't submit without fill name",
              "timedOut": false,
              "duration": 1388,
              "state": "passed",
              "speed": "slow",
              "pass": true,
              "fail": false,
              "pending": false,
              "context": null,
              "code": "I }) => {\n  I.see('Cadastrar novo usuário', '.card-header-title')\n  createUser.fillEmail('han.solo@starwars.com')\n  createUser.choiceOrder()\n  createUser.birthDate()\n  createUser.fillInstagram('@hansolo')\n  createUser.checkbox()\n  createUser.clickSubmit()\n  I.waitForElement({css: 'p.is-danger'}, \" O nome é obrigatório. \")\n  I.saveScreenshot(\"../mochawesome-report/evidences/Name.png\")",
              "err": {},
              "uuid": "ddaef64c-6e3d-4fc0-bef5-74e0db69638d",
              "parentUUID": "35a35665-0007-4edf-9258-40179166e081",
              "isHook": false,
              "skipped": false
            },
            {
              "title": "Don't submit without fill e-mail",
              "fullTitle": "Create user: Don't submit without fill e-mail",
              "timedOut": false,
              "duration": 1347,
              "state": "passed",
              "speed": "slow",
              "pass": true,
              "fail": false,
              "pending": false,
              "context": null,
              "code": "I }) => {\n  I.see('Cadastrar novo usuário', '.card-header-title')\n  createUser.fillName('Han Solo')\n  createUser.choiceOrder()\n  createUser.birthDate()\n  createUser.fillInstagram('@hansolo')\n  createUser.checkbox()\n  createUser.clickSubmit()\n  I.waitForElement({css: 'p.is-danger'}, \" O email é obrigatório. \")\n  I.saveScreenshot(\"../mochawesome-report/evidences/Email.png\")",
              "err": {},
              "uuid": "2d045eea-23e4-4c8e-8d63-f2e2e9f1a202",
              "parentUUID": "35a35665-0007-4edf-9258-40179166e081",
              "isHook": false,
              "skipped": false
            },
            {
              "title": "Don't submit without fill order",
              "fullTitle": "Create user: Don't submit without fill order",
              "timedOut": false,
              "duration": 1323,
              "state": "passed",
              "speed": "slow",
              "pass": true,
              "fail": false,
              "pending": false,
              "context": null,
              "code": "I }) => {\n  I.see('Cadastrar novo usuário', '.card-header-title')\n  createUser.fillName('Han Solo')\n  createUser.fillEmail('han.solo@starwars.com')\n  createUser.birthDate()\n  createUser.fillInstagram('@hansolo')\n  createUser.checkbox()\n  createUser.clickSubmit()\n  I.waitForElement({css: 'p.is-danger'}, \" Escolha a ordem. \")\n  I.saveScreenshot(\"../mochawesome-report/evidences/Order.png\")",
              "err": {},
              "uuid": "fb7534ba-cced-4963-be55-f6b86d13ddb9",
              "parentUUID": "35a35665-0007-4edf-9258-40179166e081",
              "isHook": false,
              "skipped": false
            },
            {
              "title": "Don't submit without choice a one order",
              "fullTitle": "Create user: Don't submit without choice a one order",
              "timedOut": false,
              "duration": 1622,
              "state": "passed",
              "speed": "slow",
              "pass": true,
              "fail": false,
              "pending": false,
              "context": null,
              "code": "I }) => {\n  I.see('Cadastrar novo usuário', '.card-header-title')\n  createUser.fillName('Han Solo')\n  createUser.fillEmail('han.solo@starwars.com')\n  createUser.choiceOrder()\n  createUser.birthDate()\n  createUser.fillInstagram('@hansolo')\n  createUser.checkbox()\n  createUser.clickSubmit()\n  I.waitForElement(\"//div[@class='notices is-top']\")\n  I.saveScreenshot(\"../mochawesome-report/evidences/ChoiceOrder.png\")",
              "err": {},
              "uuid": "d595ae94-0024-46f7-930c-6b8d394768a3",
              "parentUUID": "35a35665-0007-4edf-9258-40179166e081",
              "isHook": false,
              "skipped": false
            },
            {
              "title": "Don't submit without fill birthday",
              "fullTitle": "Create user: Don't submit without fill birthday",
              "timedOut": false,
              "duration": 1110,
              "state": "passed",
              "speed": "slow",
              "pass": true,
              "fail": false,
              "pending": false,
              "context": null,
              "code": "I }) => {\n  I.see('Cadastrar novo usuário', '.card-header-title')\n  createUser.fillName('Han Solo')\n  createUser.fillEmail('han.solo@starwars.com')\n  createUser.choiceOrder()\n  createUser.fillInstagram('@hansolo')\n  createUser.checkbox()\n  createUser.clickSubmit()\n  I.waitForElement({css: 'p.is-danger'}, \" Informe a data de nascimento. \")\n  I.saveScreenshot(\"../mochawesome-report/evidences/Birthday.png\")",
              "err": {},
              "uuid": "034c8011-0891-4193-a1a7-9bafada67ee8",
              "parentUUID": "35a35665-0007-4edf-9258-40179166e081",
              "isHook": false,
              "skipped": false
            },
            {
              "title": "Don't submit without fill Instagram",
              "fullTitle": "Create user: Don't submit without fill Instagram",
              "timedOut": false,
              "duration": 1331,
              "state": "passed",
              "speed": "slow",
              "pass": true,
              "fail": false,
              "pending": false,
              "context": null,
              "code": "I }) => {\n  I.see('Cadastrar novo usuário', '.card-header-title')\n  createUser.fillName('Han Solo')\n  createUser.fillEmail('han.solo@starwars.com')\n  createUser.choiceOrder()\n  createUser.birthDate()\n  createUser.checkbox()\n  createUser.clickSubmit()\n  I.waitForElement({css: 'p.is-danger'}, \" O instagram é obrigatório. \")\n  I.saveScreenshot(\"../mochawesome-report/evidences/Instagram.png\")",
              "err": {},
              "uuid": "cfa4803b-25e7-4734-8a9e-4793cd63de52",
              "parentUUID": "35a35665-0007-4edf-9258-40179166e081",
              "isHook": false,
              "skipped": false
            }
          ],
          "suites": [],
          "passes": [
            "02b57f5e-71a5-407f-b41f-2b83a1ec0ab1",
            "401e3312-d45e-4eee-9cf5-208b35c6d8ef",
            "ddaef64c-6e3d-4fc0-bef5-74e0db69638d",
            "2d045eea-23e4-4c8e-8d63-f2e2e9f1a202",
            "fb7534ba-cced-4963-be55-f6b86d13ddb9",
            "d595ae94-0024-46f7-930c-6b8d394768a3",
            "034c8011-0891-4193-a1a7-9bafada67ee8",
            "cfa4803b-25e7-4734-8a9e-4793cd63de52"
          ],
          "failures": [],
          "pending": [],
          "skipped": [],
          "duration": 11449,
          "root": false,
          "rootEmpty": false,
          "_timeout": 0
        }
      ],
      "passes": [],
      "failures": [],
      "pending": [],
      "skipped": [],
      "duration": 0,
      "root": true,
      "rootEmpty": true,
      "_timeout": 0
    }
  ],
  "meta": {
    "mocha": {
      "version": "10.2.0"
    },
    "mochawesome": {
      "options": {
        "quiet": false,
        "reportFilename": "mochawesome",
        "saveHtml": true,
        "saveJson": true,
        "consoleReporter": "spec",
        "useInlineDiffs": false,
        "code": true
      },
      "version": "7.1.3"
    },
    "marge": {
      "options": {},
      "version": "6.2.0"
    }
  }
}